<?xml version="1.0" encoding="UTF-8"?>
<!-- Generated by org.testng.reporters.JUnitXMLReporter -->
<testsuite ignored="4" hostname="LAPTOP-C4RVU5V1" failures="4" tests="18" name="Test1" time="39.58" errors="0" timestamp="2023-05-08T09:54:32 IST">
  <testcase classname="testClasses.LandingPageTestClass" name="verifyHealthInsuranceIconIsDisplayed" time="0.097"/>
  <testcase classname="testClasses.LandingPageTestClass" name="verifyHealthInsuranceIconText" time="0.634"/>
  <testcase classname="testClasses.LandingPageTestClass" name="verifyHealthInsuranceIconIsClickable" time="6.673"/>
  <testcase classname="testClasses.LandingPageTestClass" name="moveToQuotePage1URL" time="1.433"/>
  <testcase classname="testClasses.QuotesPage1TestClass" name="verifyMaleCheckboxText" time="0.103"/>
  <testcase classname="testClasses.QuotesPage1TestClass" name="verifyFemaleCheckboxText" time="0.066"/>
  <testcase classname="testClasses.QuotesPage1TestClass" name="verifyClickabilityOfFemaleCheckbox" time="0.076">
    <failure type="java.lang.AssertionError" message="The following asserts failed:
	Test Case was intentionally Failed, Check Screenshot Attached for respective Test Case">
      <![CDATA[java.lang.AssertionError: The following asserts failed:
Test Case was intentionally Failed, Check Screenshot Attached for respective Test Case
at testClasses.QuotesPage1TestClass.verifyClickabilityOfFemaleCheckbox(QuotesPage1TestClass.java:52)
at java.base/java.util.ArrayList.forEach(ArrayList.java:1511)
... Removed 27 stack frames]]>
    </failure>
  </testcase> <!-- verifyClickabilityOfFemaleCheckbox -->
  <testcase classname="testClasses.QuotesPage1TestClass" name="verifyClickabilityOfMaleCheckbox" time="0.114">
    <failure type="java.lang.AssertionError" message="The following asserts failed:
	Test Case was intentionally Failed, Check Screenshot Attached for respective Test Case,
	Test Case was intentionally Failed, Check Screenshot Attached for respective Test Case">
      <![CDATA[java.lang.AssertionError: The following asserts failed:
Test Case was intentionally Failed, Check Screenshot Attached for respective Test Case,
Test Case was intentionally Failed, Check Screenshot Attached for respective Test Case
at testClasses.QuotesPage1TestClass.verifyClickabilityOfMaleCheckbox(QuotesPage1TestClass.java:61)
at java.base/java.util.ArrayList.forEach(ArrayList.java:1511)
... Removed 27 stack frames]]>
    </failure>
  </testcase> <!-- verifyClickabilityOfMaleCheckbox -->
  <testcase classname="testClasses.QuotesPage1TestClass" name="verifyTextOfYourFullNameLabel" time="0.062"/>
  <testcase classname="testClasses.QuotesPage1TestClass" name="verifyYourFullNameLabelByPassingBlankText" time="0.217"/>
  <testcase classname="testClasses.QuotesPage1TestClass" name="verifyYourFullNameLabelByPassingText" time="2.325"/>
  <testcase classname="testClasses.QuotesPage1TestClass" name="verifyTextOfContinueButton" time="0.107"/>
  <testcase classname="testClasses.QuotesPage1TestClass" name="verifyClickabilityOfContinueButton" time="2.978"/>
  <testcase classname="testClasses.QuotesPage1TestClass" name="veirifyPrivacyPolicyIsDisplayed" time="2.037"/>
  <testcase classname="testClasses.QuotesPage1TestClass" name="verifyClickabilityOfPrivacyPolicy" time="4.161">
    <failure type="java.lang.AssertionError" message="expected [https://www.policybazaar.com/legal-and-admin-policies/] but found [https://health.policybazaar.com/v2/proposer/1?utm_content=home_v12_newprequote]">
      <![CDATA[java.lang.AssertionError: expected [https://www.policybazaar.com/legal-and-admin-policies/] but found [https://health.policybazaar.com/v2/proposer/1?utm_content=home_v12_newprequote]
at testClasses.QuotesPage1TestClass.verifyClickabilityOfPrivacyPolicy(QuotesPage1TestClass.java:137)
at java.base/java.util.ArrayList.forEach(ArrayList.java:1511)
... Removed 31 stack frames]]>
    </failure>
  </testcase> <!-- verifyClickabilityOfPrivacyPolicy -->
  <testcase classname="testClasses.QuotesPage1TestClass" name="verifyTermsOfUseIsDisplayed" time="2.066"/>
  <testcase classname="testClasses.QuotesPage1TestClass" name="verifyClickabilityOfTermsOfUse" time="0.211">
    <failure type="java.lang.AssertionError" message="The following asserts failed:
	Test Case was intentionally Failed, Check Screenshot Attached for respective Test Case,
	Test Case was intentionally Failed, Check Screenshot Attached for respective Test Case,
	expected [https://www.policybazaar.com/legal-and-admin-policies/#termsofuse] but found [https://health.policybazaar.com/v2/proposer/1?utm_content=home_v12_newprequote]">
      <![CDATA[java.lang.AssertionError: The following asserts failed:
Test Case was intentionally Failed, Check Screenshot Attached for respective Test Case,
Test Case was intentionally Failed, Check Screenshot Attached for respective Test Case,
expected [https://www.policybazaar.com/legal-and-admin-policies/#termsofuse] but found [https://health.policybazaar.com/v2/proposer/1?utm_content=home_v12_newprequote]
at testClasses.QuotesPage1TestClass.verifyClickabilityOfTermsOfUse(QuotesPage1TestClass.java:158)
at java.base/java.util.ArrayList.forEach(ArrayList.java:1511)
... Removed 27 stack frames]]>
    </failure>
  </testcase> <!-- verifyClickabilityOfTermsOfUse -->
  <testcase classname="testClasses.QuotesPage1TestClass" name="navigateBackToQuotePage1URL" time="10.591"/>
  <testcase classname="testClasses.BaseClass" name="@BeforeTest openBrowser" time="0.0">
    <ignored/>
  </testcase> <!-- @BeforeTest openBrowser -->
  <testcase classname="testClasses.BaseClass" name="@BeforeTest openBrowser" time="0.0">
    <ignored/>
  </testcase> <!-- @BeforeTest openBrowser -->
  <testcase classname="testClasses.BaseClass" name="@AfterTest closeBrowser" time="0.0">
    <ignored/>
  </testcase> <!-- @AfterTest closeBrowser -->
  <testcase classname="testClasses.BaseClass" name="@AfterTest closeBrowser" time="0.0">
    <ignored/>
  </testcase> <!-- @AfterTest closeBrowser -->
</testsuite> <!-- Test1 -->
