<?xml version="1.0" encoding="UTF-8"?>
<!-- Generated by org.testng.reporters.JUnitXMLReporter -->
<testsuite ignored="0" hostname="LAPTOP-C4RVU5V1" failures="0" tests="5" name="Default test" time="0.096" errors="0" timestamp="2023-05-07T13:00:48 IST">
  <testcase classname="testClasses.BaseClass" name="@BeforeTest openBrowser" time="-1.683444648241E9">
    <failure type="org.testng.TestNGException" message="
Parameter &amp;apos;browserName&amp;apos; is required by BeforeTest on method openBrowser but has not been marked @Optional or defined
in C:\Users\Rajat Dhawade\AppData\Local\Temp\testng-eclipse--767754042\testng-customsuite.xml">
      <![CDATA[org.testng.TestNGException: 
Parameter 'browserName' is required by BeforeTest on method openBrowser but has not been marked @Optional or defined
in C:\Users\Rajat Dhawade\AppData\Local\Temp\testng-eclipse--767754042\testng-customsuite.xml
at org.testng.internal.Parameters.createParams(Parameters.java:267)
at org.testng.internal.Parameters.createParametersForMethod(Parameters.java:355)
at org.testng.internal.Parameters.createParameters(Parameters.java:684)
at org.testng.internal.Parameters.createConfigurationParameters(Parameters.java:166)
at org.testng.internal.invokers.ConfigInvoker.invokeConfigurations(ConfigInvoker.java:277)
at org.testng.TestRunner.invokeTestConfigurations(TestRunner.java:644)
at org.testng.TestRunner.beforeRun(TestRunner.java:633)
at org.testng.TestRunner.run(TestRunner.java:595)
at org.testng.SuiteRunner.runTest(SuiteRunner.java:437)
at org.testng.SuiteRunner.runSequentially(SuiteRunner.java:431)
at org.testng.SuiteRunner.privateRun(SuiteRunner.java:391)
at org.testng.SuiteRunner.run(SuiteRunner.java:330)
at org.testng.SuiteRunnerWorker.runSuite(SuiteRunnerWorker.java:52)
at org.testng.SuiteRunnerWorker.run(SuiteRunnerWorker.java:95)
at org.testng.TestNG.runSuitesSequentially(TestNG.java:1256)
at org.testng.TestNG.runSuitesLocally(TestNG.java:1176)
at org.testng.TestNG.runSuites(TestNG.java:1099)
at org.testng.TestNG.run(TestNG.java:1067)
at org.testng.remote.AbstractRemoteTestNG.run(AbstractRemoteTestNG.java:115)
at org.testng.remote.RemoteTestNG.initAndRun(RemoteTestNG.java:251)
at org.testng.remote.RemoteTestNG.main(RemoteTestNG.java:77)
]]>
    </failure>
  </testcase> <!-- @BeforeTest openBrowser -->
  <testcase classname="testClasses.QuotesPage1TestClass" name="@BeforeClass initializingQuotesPage1Object" time="0.0">
    <skipped/>
  </testcase> <!-- @BeforeClass initializingQuotesPage1Object -->
  <testcase classname="testClasses.BaseClass" name="@AfterMethod capturesFailedScreenshots" time="0.0">
    <skipped/>
  </testcase> <!-- @AfterMethod capturesFailedScreenshots -->
  <testcase classname="testClasses.BaseClass" name="@AfterMethod capturesFailedScreenshots" time="0.0">
    <skipped/>
  </testcase> <!-- @AfterMethod capturesFailedScreenshots -->
  <testcase classname="testClasses.BaseClass" name="@AfterMethod capturesFailedScreenshots" time="0.0">
    <skipped/>
  </testcase> <!-- @AfterMethod capturesFailedScreenshots -->
  <testcase classname="testClasses.BaseClass" name="@AfterMethod capturesFailedScreenshots" time="0.0">
    <skipped/>
  </testcase> <!-- @AfterMethod capturesFailedScreenshots -->
  <testcase classname="testClasses.BaseClass" name="@AfterMethod capturesFailedScreenshots" time="0.0">
    <skipped/>
  </testcase> <!-- @AfterMethod capturesFailedScreenshots -->
  <testcase classname="testClasses.BaseClass" name="@AfterTest closeBrowser" time="0.0">
    <skipped/>
  </testcase> <!-- @AfterTest closeBrowser -->
  <testcase classname="testClasses.QuotesPage1TestClass" name="verifyMaleCheckboxText" time="0.0">
    <skipped/>
  </testcase> <!-- verifyMaleCheckboxText -->
  <testcase classname="testClasses.QuotesPage1TestClass" name="verifyFemaleCheckboxText" time="0.0">
    <skipped/>
  </testcase> <!-- verifyFemaleCheckboxText -->
  <testcase classname="testClasses.QuotesPage1TestClass" name="verifyClickabilityOfFemaleCheckbox" time="0.001">
    <skipped/>
  </testcase> <!-- verifyClickabilityOfFemaleCheckbox -->
  <testcase classname="testClasses.QuotesPage1TestClass" name="verifyClickabilityOfMaleCheckbox" time="0.0">
    <skipped/>
  </testcase> <!-- verifyClickabilityOfMaleCheckbox -->
  <testcase classname="testClasses.QuotesPage1TestClass" name="verifyTextOfYourFullNameLabel" time="0.0">
    <skipped/>
  </testcase> <!-- verifyTextOfYourFullNameLabel -->
</testsuite> <!-- Default test -->
