<?xml version="1.0" encoding="UTF-8"?>
<!-- Generated by org.testng.reporters.JUnitXMLReporter -->
<testsuite ignored="4" hostname="LAPTOP-C4RVU5V1" failures="4" tests="18" name="Test1" time="40.045" errors="0" timestamp="2023-05-08T10:03:39 IST">
  <testcase classname="testClasses.LandingPageTestClass" name="verifyHealthInsuranceIconIsDisplayed" time="0.161"/>
  <testcase classname="testClasses.LandingPageTestClass" name="verifyHealthInsuranceIconText" time="0.635"/>
  <testcase classname="testClasses.LandingPageTestClass" name="verifyHealthInsuranceIconIsClickable" time="7.35"/>
  <testcase classname="testClasses.LandingPageTestClass" name="moveToQuotePage1URL" time="1.484"/>
  <testcase classname="testClasses.QuotesPage1TestClass" name="verifyMaleCheckboxText" time="0.086"/>
  <testcase classname="testClasses.QuotesPage1TestClass" name="verifyFemaleCheckboxText" time="0.068"/>
  <testcase classname="testClasses.QuotesPage1TestClass" name="verifyClickabilityOfFemaleCheckbox" time="0.104">
    <failure type="java.lang.AssertionError" message="The following asserts failed:
	Test Case was intentionally Failed, Check Screenshot Attached for respective Test Case">
      <![CDATA[java.lang.AssertionError: The following asserts failed:
Test Case was intentionally Failed, Check Screenshot Attached for respective Test Case
at testClasses.QuotesPage1TestClass.verifyClickabilityOfFemaleCheckbox(QuotesPage1TestClass.java:52)
at java.base/java.util.ArrayList.forEach(ArrayList.java:1511)
... Removed 31 stack frames]]>
    </failure>
  </testcase> <!-- verifyClickabilityOfFemaleCheckbox -->
  <testcase classname="testClasses.QuotesPage1TestClass" name="verifyClickabilityOfMaleCheckbox" time="0.108">
    <failure type="java.lang.AssertionError" message="The following asserts failed:
	Test Case was intentionally Failed, Check Screenshot Attached for respective Test Case,
	Test Case was intentionally Failed, Check Screenshot Attached for respective Test Case">
      <![CDATA[java.lang.AssertionError: The following asserts failed:
Test Case was intentionally Failed, Check Screenshot Attached for respective Test Case,
Test Case was intentionally Failed, Check Screenshot Attached for respective Test Case
at testClasses.QuotesPage1TestClass.verifyClickabilityOfMaleCheckbox(QuotesPage1TestClass.java:61)
at java.base/java.util.ArrayList.forEach(ArrayList.java:1511)
... Removed 31 stack frames]]>
    </failure>
  </testcase> <!-- verifyClickabilityOfMaleCheckbox -->
  <testcase classname="testClasses.QuotesPage1TestClass" name="verifyTextOfYourFullNameLabel" time="0.063"/>
  <testcase classname="testClasses.QuotesPage1TestClass" name="verifyYourFullNameLabelByPassingBlankText" time="0.207"/>
  <testcase classname="testClasses.QuotesPage1TestClass" name="verifyYourFullNameLabelByPassingText" time="2.323"/>
  <testcase classname="testClasses.QuotesPage1TestClass" name="verifyTextOfContinueButton" time="0.107"/>
  <testcase classname="testClasses.QuotesPage1TestClass" name="verifyClickabilityOfContinueButton" time="3.029"/>
  <testcase classname="testClasses.QuotesPage1TestClass" name="veirifyPrivacyPolicyIsDisplayed" time="2.04"/>
  <testcase classname="testClasses.QuotesPage1TestClass" name="verifyClickabilityOfPrivacyPolicy" time="4.179">
    <failure type="java.lang.AssertionError" message="expected [https://www.policybazaar.com/legal-and-admin-policies/] but found [https://health.policybazaar.com/v2/proposer/1?utm_content=home_v12_newprequote]">
      <![CDATA[java.lang.AssertionError: expected [https://www.policybazaar.com/legal-and-admin-policies/] but found [https://health.policybazaar.com/v2/proposer/1?utm_content=home_v12_newprequote]
at testClasses.QuotesPage1TestClass.verifyClickabilityOfPrivacyPolicy(QuotesPage1TestClass.java:137)
at java.base/java.util.ArrayList.forEach(ArrayList.java:1511)
... Removed 35 stack frames]]>
    </failure>
  </testcase> <!-- verifyClickabilityOfPrivacyPolicy -->
  <testcase classname="testClasses.QuotesPage1TestClass" name="verifyTermsOfUseIsDisplayed" time="2.077"/>
  <testcase classname="testClasses.QuotesPage1TestClass" name="verifyClickabilityOfTermsOfUse" time="0.192">
    <failure type="java.lang.AssertionError" message="The following asserts failed:
	Test Case was intentionally Failed, Check Screenshot Attached for respective Test Case,
	Test Case was intentionally Failed, Check Screenshot Attached for respective Test Case,
	expected [https://www.policybazaar.com/legal-and-admin-policies/#termsofuse] but found [https://health.policybazaar.com/v2/proposer/1?utm_content=home_v12_newprequote]">
      <![CDATA[java.lang.AssertionError: The following asserts failed:
Test Case was intentionally Failed, Check Screenshot Attached for respective Test Case,
Test Case was intentionally Failed, Check Screenshot Attached for respective Test Case,
expected [https://www.policybazaar.com/legal-and-admin-policies/#termsofuse] but found [https://health.policybazaar.com/v2/proposer/1?utm_content=home_v12_newprequote]
at testClasses.QuotesPage1TestClass.verifyClickabilityOfTermsOfUse(QuotesPage1TestClass.java:158)
at java.base/java.util.ArrayList.forEach(ArrayList.java:1511)
... Removed 31 stack frames]]>
    </failure>
  </testcase> <!-- verifyClickabilityOfTermsOfUse -->
  <testcase classname="testClasses.QuotesPage1TestClass" name="navigateBackToQuotePage1URL" time="10.54"/>
  <testcase classname="testClasses.BaseClass" name="@BeforeTest openBrowser" time="0.0">
    <ignored/>
  </testcase> <!-- @BeforeTest openBrowser -->
  <testcase classname="testClasses.BaseClass" name="@AfterTest closeBrowser" time="0.0">
    <ignored/>
  </testcase> <!-- @AfterTest closeBrowser -->
  <testcase classname="testClasses.BaseClass" name="@BeforeTest openBrowser" time="0.0">
    <ignored/>
  </testcase> <!-- @BeforeTest openBrowser -->
  <testcase classname="testClasses.BaseClass" name="@AfterTest closeBrowser" time="0.0">
    <ignored/>
  </testcase> <!-- @AfterTest closeBrowser -->
</testsuite> <!-- Test1 -->
